[0.273s] DEBUG:colcon:Command line arguments: ['/usr/bin/colcon', 'list', '-p', '--base-paths', '/home/nopparuj/FRA501_exam1_6434_6438']
[0.274s] DEBUG:colcon:Parsed command line arguments: Namespace(log_base=None, log_level=None, verb_name='list', build_base='build', ignore_user_meta=False, metas=['./colcon.meta'], base_paths=['/home/nopparuj/FRA501_exam1_6434_6438'], packages_ignore=None, packages_ignore_regex=None, paths=None, packages_up_to=None, packages_up_to_regex=None, packages_above=None, packages_above_and_dependencies=None, packages_above_depth=None, packages_select_by_dep=None, packages_skip_by_dep=None, packages_skip_up_to=None, packages_select_build_failed=False, packages_skip_build_finished=False, packages_select_test_failures=False, packages_skip_test_passed=False, packages_select=None, packages_skip=None, packages_select_regex=None, packages_skip_regex=None, packages_start=None, packages_end=None, allow_overriding=[], topological_order=False, names_only=False, paths_only=True, topological_graph=False, topological_graph_dot=False, topological_graph_density=False, topological_graph_legend=False, topological_graph_dot_cluster=False, topological_graph_dot_include_skipped=False, verb_parser=<colcon_defaults.argument_parser.defaults.DefaultArgumentsDecorator object at 0x7f6088bb99f0>, verb_extension=<colcon_package_information.verb.list.ListVerb object at 0x7f6088b07d30>, main=<bound method ListVerb.main of <colcon_package_information.verb.list.ListVerb object at 0x7f6088b07d30>>)
[0.333s] Level 1:colcon.colcon_core.package_discovery:discover_packages(colcon_meta) check parameters
[0.333s] Level 1:colcon.colcon_core.package_discovery:discover_packages(recursive) check parameters
[0.333s] Level 1:colcon.colcon_core.package_discovery:discover_packages(ignore) check parameters
[0.333s] Level 1:colcon.colcon_core.package_discovery:discover_packages(path) check parameters
[0.333s] Level 1:colcon.colcon_core.package_discovery:discover_packages(recursive) discover
[0.333s] INFO:colcon.colcon_core.package_discovery:Crawling recursively for packages in '/home/nopparuj/FRA501_exam1_6434_6438'
[0.334s] Level 1:colcon.colcon_core.package_identification:_identify(/home/nopparuj/FRA501_exam1_6434_6438) by extensions ['ignore', 'ignore_ament_install']
[0.334s] Level 1:colcon.colcon_core.package_identification:_identify(/home/nopparuj/FRA501_exam1_6434_6438) by extension 'ignore'
[0.334s] Level 1:colcon.colcon_core.package_identification:_identify(/home/nopparuj/FRA501_exam1_6434_6438) by extension 'ignore_ament_install'
[0.334s] Level 1:colcon.colcon_core.package_identification:_identify(/home/nopparuj/FRA501_exam1_6434_6438) by extensions ['colcon_pkg']
[0.334s] Level 1:colcon.colcon_core.package_identification:_identify(/home/nopparuj/FRA501_exam1_6434_6438) by extension 'colcon_pkg'
[0.334s] Level 1:colcon.colcon_core.package_identification:_identify(/home/nopparuj/FRA501_exam1_6434_6438) by extensions ['colcon_meta']
[0.334s] Level 1:colcon.colcon_core.package_identification:_identify(/home/nopparuj/FRA501_exam1_6434_6438) by extension 'colcon_meta'
[0.334s] Level 1:colcon.colcon_core.package_identification:_identify(/home/nopparuj/FRA501_exam1_6434_6438) by extensions ['ros']
[0.334s] Level 1:colcon.colcon_core.package_identification:_identify(/home/nopparuj/FRA501_exam1_6434_6438) by extension 'ros'
[0.350s] Level 1:colcon.colcon_core.package_identification:_identify(/home/nopparuj/FRA501_exam1_6434_6438) by extensions ['cmake', 'python']
[0.350s] Level 1:colcon.colcon_core.package_identification:_identify(/home/nopparuj/FRA501_exam1_6434_6438) by extension 'cmake'
[0.350s] Level 1:colcon.colcon_core.package_identification:_identify(/home/nopparuj/FRA501_exam1_6434_6438) by extension 'python'
[0.350s] Level 1:colcon.colcon_core.package_identification:_identify(/home/nopparuj/FRA501_exam1_6434_6438) by extensions ['python_setup_py']
[0.350s] Level 1:colcon.colcon_core.package_identification:_identify(/home/nopparuj/FRA501_exam1_6434_6438) by extension 'python_setup_py'
[0.351s] Level 1:colcon.colcon_core.package_identification:_identify(/home/nopparuj/FRA501_exam1_6434_6438/build) by extensions ['ignore', 'ignore_ament_install']
[0.351s] Level 1:colcon.colcon_core.package_identification:_identify(/home/nopparuj/FRA501_exam1_6434_6438/build) by extension 'ignore'
[0.351s] Level 1:colcon.colcon_core.package_identification:_identify(/home/nopparuj/FRA501_exam1_6434_6438/build) ignored
[0.351s] Level 1:colcon.colcon_core.package_identification:_identify(/home/nopparuj/FRA501_exam1_6434_6438/install) by extensions ['ignore', 'ignore_ament_install']
[0.351s] Level 1:colcon.colcon_core.package_identification:_identify(/home/nopparuj/FRA501_exam1_6434_6438/install) by extension 'ignore'
[0.351s] Level 1:colcon.colcon_core.package_identification:_identify(/home/nopparuj/FRA501_exam1_6434_6438/install) ignored
[0.351s] Level 1:colcon.colcon_core.package_identification:_identify(/home/nopparuj/FRA501_exam1_6434_6438/log) by extensions ['ignore', 'ignore_ament_install']
[0.351s] Level 1:colcon.colcon_core.package_identification:_identify(/home/nopparuj/FRA501_exam1_6434_6438/log) by extension 'ignore'
[0.351s] Level 1:colcon.colcon_core.package_identification:_identify(/home/nopparuj/FRA501_exam1_6434_6438/log) ignored
[0.352s] Level 1:colcon.colcon_core.package_identification:_identify(/home/nopparuj/FRA501_exam1_6434_6438/src) by extensions ['ignore', 'ignore_ament_install']
[0.352s] Level 1:colcon.colcon_core.package_identification:_identify(/home/nopparuj/FRA501_exam1_6434_6438/src) by extension 'ignore'
[0.352s] Level 1:colcon.colcon_core.package_identification:_identify(/home/nopparuj/FRA501_exam1_6434_6438/src) by extension 'ignore_ament_install'
[0.352s] Level 1:colcon.colcon_core.package_identification:_identify(/home/nopparuj/FRA501_exam1_6434_6438/src) by extensions ['colcon_pkg']
[0.352s] Level 1:colcon.colcon_core.package_identification:_identify(/home/nopparuj/FRA501_exam1_6434_6438/src) by extension 'colcon_pkg'
[0.352s] Level 1:colcon.colcon_core.package_identification:_identify(/home/nopparuj/FRA501_exam1_6434_6438/src) by extensions ['colcon_meta']
[0.352s] Level 1:colcon.colcon_core.package_identification:_identify(/home/nopparuj/FRA501_exam1_6434_6438/src) by extension 'colcon_meta'
[0.352s] Level 1:colcon.colcon_core.package_identification:_identify(/home/nopparuj/FRA501_exam1_6434_6438/src) by extensions ['ros']
[0.352s] Level 1:colcon.colcon_core.package_identification:_identify(/home/nopparuj/FRA501_exam1_6434_6438/src) by extension 'ros'
[0.352s] Level 1:colcon.colcon_core.package_identification:_identify(/home/nopparuj/FRA501_exam1_6434_6438/src) by extensions ['cmake', 'python']
[0.352s] Level 1:colcon.colcon_core.package_identification:_identify(/home/nopparuj/FRA501_exam1_6434_6438/src) by extension 'cmake'
[0.352s] Level 1:colcon.colcon_core.package_identification:_identify(/home/nopparuj/FRA501_exam1_6434_6438/src) by extension 'python'
[0.352s] Level 1:colcon.colcon_core.package_identification:_identify(/home/nopparuj/FRA501_exam1_6434_6438/src) by extensions ['python_setup_py']
[0.352s] Level 1:colcon.colcon_core.package_identification:_identify(/home/nopparuj/FRA501_exam1_6434_6438/src) by extension 'python_setup_py'
[0.352s] Level 1:colcon.colcon_core.package_identification:_identify(/home/nopparuj/FRA501_exam1_6434_6438/src/turtlesim_plus) by extensions ['ignore', 'ignore_ament_install']
[0.353s] Level 1:colcon.colcon_core.package_identification:_identify(/home/nopparuj/FRA501_exam1_6434_6438/src/turtlesim_plus) by extension 'ignore'
[0.353s] Level 1:colcon.colcon_core.package_identification:_identify(/home/nopparuj/FRA501_exam1_6434_6438/src/turtlesim_plus) by extension 'ignore_ament_install'
[0.353s] Level 1:colcon.colcon_core.package_identification:_identify(/home/nopparuj/FRA501_exam1_6434_6438/src/turtlesim_plus) by extensions ['colcon_pkg']
[0.353s] Level 1:colcon.colcon_core.package_identification:_identify(/home/nopparuj/FRA501_exam1_6434_6438/src/turtlesim_plus) by extension 'colcon_pkg'
[0.353s] Level 1:colcon.colcon_core.package_identification:_identify(/home/nopparuj/FRA501_exam1_6434_6438/src/turtlesim_plus) by extensions ['colcon_meta']
[0.353s] Level 1:colcon.colcon_core.package_identification:_identify(/home/nopparuj/FRA501_exam1_6434_6438/src/turtlesim_plus) by extension 'colcon_meta'
[0.353s] Level 1:colcon.colcon_core.package_identification:_identify(/home/nopparuj/FRA501_exam1_6434_6438/src/turtlesim_plus) by extensions ['ros']
[0.353s] Level 1:colcon.colcon_core.package_identification:_identify(/home/nopparuj/FRA501_exam1_6434_6438/src/turtlesim_plus) by extension 'ros'
[0.353s] Level 1:colcon.colcon_core.package_identification:_identify(/home/nopparuj/FRA501_exam1_6434_6438/src/turtlesim_plus) by extensions ['cmake', 'python']
[0.353s] Level 1:colcon.colcon_core.package_identification:_identify(/home/nopparuj/FRA501_exam1_6434_6438/src/turtlesim_plus) by extension 'cmake'
[0.353s] Level 1:colcon.colcon_core.package_identification:_identify(/home/nopparuj/FRA501_exam1_6434_6438/src/turtlesim_plus) by extension 'python'
[0.353s] Level 1:colcon.colcon_core.package_identification:_identify(/home/nopparuj/FRA501_exam1_6434_6438/src/turtlesim_plus) by extensions ['python_setup_py']
[0.353s] Level 1:colcon.colcon_core.package_identification:_identify(/home/nopparuj/FRA501_exam1_6434_6438/src/turtlesim_plus) by extension 'python_setup_py'
[0.353s] Level 1:colcon.colcon_core.package_identification:_identify(/home/nopparuj/FRA501_exam1_6434_6438/src/turtlesim_plus/turtlesim_plus) by extensions ['ignore', 'ignore_ament_install']
[0.353s] Level 1:colcon.colcon_core.package_identification:_identify(/home/nopparuj/FRA501_exam1_6434_6438/src/turtlesim_plus/turtlesim_plus) by extension 'ignore'
[0.354s] Level 1:colcon.colcon_core.package_identification:_identify(/home/nopparuj/FRA501_exam1_6434_6438/src/turtlesim_plus/turtlesim_plus) by extension 'ignore_ament_install'
[0.354s] Level 1:colcon.colcon_core.package_identification:_identify(/home/nopparuj/FRA501_exam1_6434_6438/src/turtlesim_plus/turtlesim_plus) by extensions ['colcon_pkg']
[0.354s] Level 1:colcon.colcon_core.package_identification:_identify(/home/nopparuj/FRA501_exam1_6434_6438/src/turtlesim_plus/turtlesim_plus) by extension 'colcon_pkg'
[0.354s] Level 1:colcon.colcon_core.package_identification:_identify(/home/nopparuj/FRA501_exam1_6434_6438/src/turtlesim_plus/turtlesim_plus) by extensions ['colcon_meta']
[0.354s] Level 1:colcon.colcon_core.package_identification:_identify(/home/nopparuj/FRA501_exam1_6434_6438/src/turtlesim_plus/turtlesim_plus) by extension 'colcon_meta'
[0.354s] Level 1:colcon.colcon_core.package_identification:_identify(/home/nopparuj/FRA501_exam1_6434_6438/src/turtlesim_plus/turtlesim_plus) by extensions ['ros']
[0.354s] Level 1:colcon.colcon_core.package_identification:_identify(/home/nopparuj/FRA501_exam1_6434_6438/src/turtlesim_plus/turtlesim_plus) by extension 'ros'
[0.359s] DEBUG:colcon.colcon_core.package_identification:Package '/home/nopparuj/FRA501_exam1_6434_6438/src/turtlesim_plus/turtlesim_plus' with type 'ros.ament_cmake' and name 'turtlesim_plus'
[0.359s] Level 1:colcon.colcon_core.package_identification:_identify(/home/nopparuj/FRA501_exam1_6434_6438/src/turtlesim_plus/turtlesim_plus_interfaces) by extensions ['ignore', 'ignore_ament_install']
[0.359s] Level 1:colcon.colcon_core.package_identification:_identify(/home/nopparuj/FRA501_exam1_6434_6438/src/turtlesim_plus/turtlesim_plus_interfaces) by extension 'ignore'
[0.359s] Level 1:colcon.colcon_core.package_identification:_identify(/home/nopparuj/FRA501_exam1_6434_6438/src/turtlesim_plus/turtlesim_plus_interfaces) by extension 'ignore_ament_install'
[0.359s] Level 1:colcon.colcon_core.package_identification:_identify(/home/nopparuj/FRA501_exam1_6434_6438/src/turtlesim_plus/turtlesim_plus_interfaces) by extensions ['colcon_pkg']
[0.359s] Level 1:colcon.colcon_core.package_identification:_identify(/home/nopparuj/FRA501_exam1_6434_6438/src/turtlesim_plus/turtlesim_plus_interfaces) by extension 'colcon_pkg'
[0.359s] Level 1:colcon.colcon_core.package_identification:_identify(/home/nopparuj/FRA501_exam1_6434_6438/src/turtlesim_plus/turtlesim_plus_interfaces) by extensions ['colcon_meta']
[0.360s] Level 1:colcon.colcon_core.package_identification:_identify(/home/nopparuj/FRA501_exam1_6434_6438/src/turtlesim_plus/turtlesim_plus_interfaces) by extension 'colcon_meta'
[0.360s] Level 1:colcon.colcon_core.package_identification:_identify(/home/nopparuj/FRA501_exam1_6434_6438/src/turtlesim_plus/turtlesim_plus_interfaces) by extensions ['ros']
[0.360s] Level 1:colcon.colcon_core.package_identification:_identify(/home/nopparuj/FRA501_exam1_6434_6438/src/turtlesim_plus/turtlesim_plus_interfaces) by extension 'ros'
[0.360s] DEBUG:colcon.colcon_core.package_identification:Package '/home/nopparuj/FRA501_exam1_6434_6438/src/turtlesim_plus/turtlesim_plus_interfaces' with type 'ros.ament_cmake' and name 'turtlesim_plus_interfaces'
[0.361s] Level 1:colcon.colcon_core.package_identification:_identify(/home/nopparuj/FRA501_exam1_6434_6438/src/turtlesim_plus_controller) by extensions ['ignore', 'ignore_ament_install']
[0.361s] Level 1:colcon.colcon_core.package_identification:_identify(/home/nopparuj/FRA501_exam1_6434_6438/src/turtlesim_plus_controller) by extension 'ignore'
[0.361s] Level 1:colcon.colcon_core.package_identification:_identify(/home/nopparuj/FRA501_exam1_6434_6438/src/turtlesim_plus_controller) by extension 'ignore_ament_install'
[0.361s] Level 1:colcon.colcon_core.package_identification:_identify(/home/nopparuj/FRA501_exam1_6434_6438/src/turtlesim_plus_controller) by extensions ['colcon_pkg']
[0.361s] Level 1:colcon.colcon_core.package_identification:_identify(/home/nopparuj/FRA501_exam1_6434_6438/src/turtlesim_plus_controller) by extension 'colcon_pkg'
[0.361s] Level 1:colcon.colcon_core.package_identification:_identify(/home/nopparuj/FRA501_exam1_6434_6438/src/turtlesim_plus_controller) by extensions ['colcon_meta']
[0.361s] Level 1:colcon.colcon_core.package_identification:_identify(/home/nopparuj/FRA501_exam1_6434_6438/src/turtlesim_plus_controller) by extension 'colcon_meta'
[0.361s] Level 1:colcon.colcon_core.package_identification:_identify(/home/nopparuj/FRA501_exam1_6434_6438/src/turtlesim_plus_controller) by extensions ['ros']
[0.361s] Level 1:colcon.colcon_core.package_identification:_identify(/home/nopparuj/FRA501_exam1_6434_6438/src/turtlesim_plus_controller) by extension 'ros'
[0.362s] DEBUG:colcon.colcon_core.package_identification:Package '/home/nopparuj/FRA501_exam1_6434_6438/src/turtlesim_plus_controller' with type 'ros.ament_cmake' and name 'turtlesim_plus_controller'
[0.362s] Level 1:colcon.colcon_core.package_discovery:discover_packages(recursive) using defaults
