[0.013s] Invoking command in '/home/nopparuj/FRA501_exam1_6434_6438/build/turtlesim_plus': CMAKE_PREFIX_PATH=${CMAKE_PREFIX_PATH}:/opt/ros/humble /usr/bin/cmake /home/nopparuj/FRA501_exam1_6434_6438/src/turtlesim_plus/turtlesim_plus -DCMAKE_INSTALL_PREFIX=/home/nopparuj/FRA501_exam1_6434_6438/install/turtlesim_plus
[0.148s] -- The C compiler identification is GNU 11.4.0
[0.237s] -- The CXX compiler identification is GNU 11.4.0
[0.245s] -- Detecting C compiler ABI info
[0.288s] -- Detecting C compiler ABI info - done
[0.293s] -- Check for working C compiler: /usr/bin/cc - skipped
[0.293s] -- Detecting C compile features
[0.294s] -- Detecting C compile features - done
[0.296s] -- Detecting CXX compiler ABI info
[0.345s] -- Detecting CXX compiler ABI info - done
[0.350s] -- Check for working CXX compiler: /usr/bin/c++ - skipped
[0.350s] -- Detecting CXX compile features
[0.350s] -- Detecting CXX compile features - done
[0.353s] -- Found ament_cmake: 1.3.5 (/opt/ros/humble/share/ament_cmake/cmake)
[0.473s] -- Found Python3: /usr/bin/python3.10 (found version "3.10.12") found components: Interpreter 
[0.549s] -- Found rclcpp: 16.0.5 (/opt/ros/humble/share/rclcpp/cmake)
[0.592s] -- Found rosidl_generator_c: 3.1.5 (/opt/ros/humble/share/rosidl_generator_c/cmake)
[0.596s] -- Found rosidl_adapter: 3.1.5 (/opt/ros/humble/share/rosidl_adapter/cmake)
[0.605s] -- Found rosidl_generator_cpp: 3.1.5 (/opt/ros/humble/share/rosidl_generator_cpp/cmake)
[0.617s] -- Using all available rosidl_typesupport_c: rosidl_typesupport_fastrtps_c;rosidl_typesupport_introspection_c
[0.634s] -- Using all available rosidl_typesupport_cpp: rosidl_typesupport_fastrtps_cpp;rosidl_typesupport_introspection_cpp
[0.697s] -- Found rmw_implementation_cmake: 6.1.1 (/opt/ros/humble/share/rmw_implementation_cmake/cmake)
[0.700s] -- Found rmw_fastrtps_cpp: 6.2.3 (/opt/ros/humble/share/rmw_fastrtps_cpp/cmake)
[0.779s] -- Found OpenSSL: /usr/lib/x86_64-linux-gnu/libcrypto.so (found version "3.0.2")  
[0.798s] -- Found FastRTPS: /opt/ros/humble/include  
[0.830s] -- Using RMW implementation 'rmw_fastrtps_cpp' as default
[0.839s] -- Looking for pthread.h
[0.892s] -- Looking for pthread.h - found
[0.892s] -- Performing Test CMAKE_HAVE_LIBC_PTHREAD
[0.939s] -- Performing Test CMAKE_HAVE_LIBC_PTHREAD - Success
[0.940s] -- Found Threads: TRUE  
[1.080s] -- Found rclpy: 3.3.9 (/opt/ros/humble/share/rclpy/cmake)
[1.186s] -- Configuring done
[1.189s] -- Generating done
[1.190s] -- Build files have been written to: /home/nopparuj/FRA501_exam1_6434_6438/build/turtlesim_plus
[1.196s] Invoked command in '/home/nopparuj/FRA501_exam1_6434_6438/build/turtlesim_plus' returned '0': CMAKE_PREFIX_PATH=${CMAKE_PREFIX_PATH}:/opt/ros/humble /usr/bin/cmake /home/nopparuj/FRA501_exam1_6434_6438/src/turtlesim_plus/turtlesim_plus -DCMAKE_INSTALL_PREFIX=/home/nopparuj/FRA501_exam1_6434_6438/install/turtlesim_plus
[1.198s] Invoking command in '/home/nopparuj/FRA501_exam1_6434_6438/build/turtlesim_plus': CMAKE_PREFIX_PATH=${CMAKE_PREFIX_PATH}:/opt/ros/humble /usr/bin/cmake --build /home/nopparuj/FRA501_exam1_6434_6438/build/turtlesim_plus -- -j16 -l16
[1.236s] Built target ament_cmake_python_copy_turtlesim_plus
[1.402s] running egg_info
[1.403s] creating turtlesim_plus.egg-info
[1.403s] writing turtlesim_plus.egg-info/PKG-INFO
[1.403s] writing dependency_links to turtlesim_plus.egg-info/dependency_links.txt
[1.403s] writing top-level names to turtlesim_plus.egg-info/top_level.txt
[1.403s] writing manifest file 'turtlesim_plus.egg-info/SOURCES.txt'
[1.404s] reading manifest file 'turtlesim_plus.egg-info/SOURCES.txt'
[1.405s] writing manifest file 'turtlesim_plus.egg-info/SOURCES.txt'
[1.426s] Built target ament_cmake_python_build_turtlesim_plus_egg
[1.434s] Invoked command in '/home/nopparuj/FRA501_exam1_6434_6438/build/turtlesim_plus' returned '0': CMAKE_PREFIX_PATH=${CMAKE_PREFIX_PATH}:/opt/ros/humble /usr/bin/cmake --build /home/nopparuj/FRA501_exam1_6434_6438/build/turtlesim_plus -- -j16 -l16
[1.456s] Invoking command in '/home/nopparuj/FRA501_exam1_6434_6438/build/turtlesim_plus': CMAKE_PREFIX_PATH=${CMAKE_PREFIX_PATH}:/opt/ros/humble /usr/bin/cmake --install /home/nopparuj/FRA501_exam1_6434_6438/build/turtlesim_plus
[1.461s] -- Install configuration: ""
[1.461s] -- Installing: /home/nopparuj/FRA501_exam1_6434_6438/install/turtlesim_plus/share/turtlesim_plus/environment/pythonpath.sh
[1.461s] -- Installing: /home/nopparuj/FRA501_exam1_6434_6438/install/turtlesim_plus/share/turtlesim_plus/environment/pythonpath.dsv
[1.462s] -- Installing: /home/nopparuj/FRA501_exam1_6434_6438/install/turtlesim_plus/local/lib/python3.10/dist-packages/turtlesim_plus-1.0.0-py3.10.egg-info
[1.462s] -- Installing: /home/nopparuj/FRA501_exam1_6434_6438/install/turtlesim_plus/local/lib/python3.10/dist-packages/turtlesim_plus-1.0.0-py3.10.egg-info/dependency_links.txt
[1.462s] -- Installing: /home/nopparuj/FRA501_exam1_6434_6438/install/turtlesim_plus/local/lib/python3.10/dist-packages/turtlesim_plus-1.0.0-py3.10.egg-info/SOURCES.txt
[1.462s] -- Installing: /home/nopparuj/FRA501_exam1_6434_6438/install/turtlesim_plus/local/lib/python3.10/dist-packages/turtlesim_plus-1.0.0-py3.10.egg-info/top_level.txt
[1.462s] -- Installing: /home/nopparuj/FRA501_exam1_6434_6438/install/turtlesim_plus/local/lib/python3.10/dist-packages/turtlesim_plus-1.0.0-py3.10.egg-info/PKG-INFO
[1.462s] -- Installing: /home/nopparuj/FRA501_exam1_6434_6438/install/turtlesim_plus/local/lib/python3.10/dist-packages/turtlesim_plus
[1.462s] -- Installing: /home/nopparuj/FRA501_exam1_6434_6438/install/turtlesim_plus/local/lib/python3.10/dist-packages/turtlesim_plus/entity.py
[1.462s] -- Installing: /home/nopparuj/FRA501_exam1_6434_6438/install/turtlesim_plus/local/lib/python3.10/dist-packages/turtlesim_plus/image
[1.462s] -- Installing: /home/nopparuj/FRA501_exam1_6434_6438/install/turtlesim_plus/local/lib/python3.10/dist-packages/turtlesim_plus/image/turtle
[1.462s] -- Installing: /home/nopparuj/FRA501_exam1_6434_6438/install/turtlesim_plus/local/lib/python3.10/dist-packages/turtlesim_plus/image/turtle/otto.png
[1.462s] -- Installing: /home/nopparuj/FRA501_exam1_6434_6438/install/turtlesim_plus/local/lib/python3.10/dist-packages/turtlesim_plus/image/turtle/ardent.png
[1.462s] -- Installing: /home/nopparuj/FRA501_exam1_6434_6438/install/turtlesim_plus/local/lib/python3.10/dist-packages/turtlesim_plus/image/turtle/crystal.png
[1.463s] -- Installing: /home/nopparuj/FRA501_exam1_6434_6438/install/turtlesim_plus/local/lib/python3.10/dist-packages/turtlesim_plus/image/turtle/galactic.png
[1.463s] -- Installing: /home/nopparuj/FRA501_exam1_6434_6438/install/turtlesim_plus/local/lib/python3.10/dist-packages/turtlesim_plus/image/turtle/dashing.png
[1.463s] -- Installing: /home/nopparuj/FRA501_exam1_6434_6438/install/turtlesim_plus/local/lib/python3.10/dist-packages/turtlesim_plus/image/turtle/eloquent.png
[1.463s] -- Installing: /home/nopparuj/FRA501_exam1_6434_6438/install/turtlesim_plus/local/lib/python3.10/dist-packages/turtlesim_plus/image/turtle/foxy.png
[1.463s] -- Installing: /home/nopparuj/FRA501_exam1_6434_6438/install/turtlesim_plus/local/lib/python3.10/dist-packages/turtlesim_plus/image/turtle/rolling.png
[1.463s] -- Installing: /home/nopparuj/FRA501_exam1_6434_6438/install/turtlesim_plus/local/lib/python3.10/dist-packages/turtlesim_plus/image/turtle/bouncy.png
[1.463s] -- Installing: /home/nopparuj/FRA501_exam1_6434_6438/install/turtlesim_plus/local/lib/python3.10/dist-packages/turtlesim_plus/image/turtle/humble.png
[1.463s] -- Installing: /home/nopparuj/FRA501_exam1_6434_6438/install/turtlesim_plus/local/lib/python3.10/dist-packages/turtlesim_plus/image/map
[1.463s] -- Installing: /home/nopparuj/FRA501_exam1_6434_6438/install/turtlesim_plus/local/lib/python3.10/dist-packages/turtlesim_plus/image/map/map.png
[1.463s] -- Installing: /home/nopparuj/FRA501_exam1_6434_6438/install/turtlesim_plus/local/lib/python3.10/dist-packages/turtlesim_plus/image/object
[1.463s] -- Installing: /home/nopparuj/FRA501_exam1_6434_6438/install/turtlesim_plus/local/lib/python3.10/dist-packages/turtlesim_plus/image/object/pizza.png
[1.463s] -- Installing: /home/nopparuj/FRA501_exam1_6434_6438/install/turtlesim_plus/local/lib/python3.10/dist-packages/turtlesim_plus/image/object/parcel.png
[1.463s] -- Installing: /home/nopparuj/FRA501_exam1_6434_6438/install/turtlesim_plus/local/lib/python3.10/dist-packages/turtlesim_plus/__init__.py
[1.463s] -- Installing: /home/nopparuj/FRA501_exam1_6434_6438/install/turtlesim_plus/local/lib/python3.10/dist-packages/turtlesim_plus/ros2_plugins.py
[1.490s] Listing '/home/nopparuj/FRA501_exam1_6434_6438/install/turtlesim_plus/local/lib/python3.10/dist-packages/turtlesim_plus'...
[1.490s] Compiling '/home/nopparuj/FRA501_exam1_6434_6438/install/turtlesim_plus/local/lib/python3.10/dist-packages/turtlesim_plus/__init__.py'...
[1.490s] Compiling '/home/nopparuj/FRA501_exam1_6434_6438/install/turtlesim_plus/local/lib/python3.10/dist-packages/turtlesim_plus/entity.py'...
[1.490s] Listing '/home/nopparuj/FRA501_exam1_6434_6438/install/turtlesim_plus/local/lib/python3.10/dist-packages/turtlesim_plus/image'...
[1.490s] Listing '/home/nopparuj/FRA501_exam1_6434_6438/install/turtlesim_plus/local/lib/python3.10/dist-packages/turtlesim_plus/image/map'...
[1.490s] Listing '/home/nopparuj/FRA501_exam1_6434_6438/install/turtlesim_plus/local/lib/python3.10/dist-packages/turtlesim_plus/image/object'...
[1.490s] Listing '/home/nopparuj/FRA501_exam1_6434_6438/install/turtlesim_plus/local/lib/python3.10/dist-packages/turtlesim_plus/image/turtle'...
[1.490s] Compiling '/home/nopparuj/FRA501_exam1_6434_6438/install/turtlesim_plus/local/lib/python3.10/dist-packages/turtlesim_plus/ros2_plugins.py'...
[1.493s] -- Installing: /home/nopparuj/FRA501_exam1_6434_6438/install/turtlesim_plus/lib/turtlesim_plus/turtlesim_plus_node.py
[1.493s] -- Installing: /home/nopparuj/FRA501_exam1_6434_6438/install/turtlesim_plus/lib/turtlesim_plus/pizza_on_click.py
[1.493s] -- Up-to-date: /home/nopparuj/FRA501_exam1_6434_6438/install/turtlesim_plus/share/turtlesim_plus
[1.493s] -- Installing: /home/nopparuj/FRA501_exam1_6434_6438/install/turtlesim_plus/share/ament_index/resource_index/package_run_dependencies/turtlesim_plus
[1.493s] -- Installing: /home/nopparuj/FRA501_exam1_6434_6438/install/turtlesim_plus/share/ament_index/resource_index/parent_prefix_path/turtlesim_plus
[1.494s] -- Installing: /home/nopparuj/FRA501_exam1_6434_6438/install/turtlesim_plus/share/turtlesim_plus/environment/ament_prefix_path.sh
[1.494s] -- Installing: /home/nopparuj/FRA501_exam1_6434_6438/install/turtlesim_plus/share/turtlesim_plus/environment/ament_prefix_path.dsv
[1.494s] -- Installing: /home/nopparuj/FRA501_exam1_6434_6438/install/turtlesim_plus/share/turtlesim_plus/environment/path.sh
[1.494s] -- Installing: /home/nopparuj/FRA501_exam1_6434_6438/install/turtlesim_plus/share/turtlesim_plus/environment/path.dsv
[1.494s] -- Installing: /home/nopparuj/FRA501_exam1_6434_6438/install/turtlesim_plus/share/turtlesim_plus/local_setup.bash
[1.494s] -- Installing: /home/nopparuj/FRA501_exam1_6434_6438/install/turtlesim_plus/share/turtlesim_plus/local_setup.sh
[1.494s] -- Installing: /home/nopparuj/FRA501_exam1_6434_6438/install/turtlesim_plus/share/turtlesim_plus/local_setup.zsh
[1.494s] -- Installing: /home/nopparuj/FRA501_exam1_6434_6438/install/turtlesim_plus/share/turtlesim_plus/local_setup.dsv
[1.494s] -- Installing: /home/nopparuj/FRA501_exam1_6434_6438/install/turtlesim_plus/share/turtlesim_plus/package.dsv
[1.494s] -- Installing: /home/nopparuj/FRA501_exam1_6434_6438/install/turtlesim_plus/share/ament_index/resource_index/packages/turtlesim_plus
[1.494s] -- Installing: /home/nopparuj/FRA501_exam1_6434_6438/install/turtlesim_plus/share/turtlesim_plus/cmake/turtlesim_plusConfig.cmake
[1.494s] -- Installing: /home/nopparuj/FRA501_exam1_6434_6438/install/turtlesim_plus/share/turtlesim_plus/cmake/turtlesim_plusConfig-version.cmake
[1.495s] -- Installing: /home/nopparuj/FRA501_exam1_6434_6438/install/turtlesim_plus/share/turtlesim_plus/package.xml
[1.496s] Invoked command in '/home/nopparuj/FRA501_exam1_6434_6438/build/turtlesim_plus' returned '0': CMAKE_PREFIX_PATH=${CMAKE_PREFIX_PATH}:/opt/ros/humble /usr/bin/cmake --install /home/nopparuj/FRA501_exam1_6434_6438/build/turtlesim_plus
