[0.211s] DEBUG:colcon:Command line arguments: ['/usr/bin/colcon', 'build']
[0.211s] DEBUG:colcon:Parsed command line arguments: Namespace(log_base=None, log_level=None, verb_name='build', build_base='build', install_base='install', merge_install=False, symlink_install=False, test_result_base=None, continue_on_error=False, executor='parallel', parallel_workers=16, event_handlers=None, ignore_user_meta=False, metas=['./colcon.meta'], base_paths=['.'], packages_ignore=None, packages_ignore_regex=None, paths=None, packages_up_to=None, packages_up_to_regex=None, packages_above=None, packages_above_and_dependencies=None, packages_above_depth=None, packages_select_by_dep=None, packages_skip_by_dep=None, packages_skip_up_to=None, packages_select_build_failed=False, packages_skip_build_finished=False, packages_select_test_failures=False, packages_skip_test_passed=False, packages_select=None, packages_skip=None, packages_select_regex=None, packages_skip_regex=None, packages_start=None, packages_end=None, allow_overriding=[], cmake_args=None, cmake_target=None, cmake_target_skip_unavailable=False, cmake_clean_cache=False, cmake_clean_first=False, cmake_force_configure=False, ament_cmake_args=None, catkin_cmake_args=None, catkin_skip_building_tests=False, verb_parser=<colcon_defaults.argument_parser.defaults.DefaultArgumentsDecorator object at 0x7f333cfd0520>, verb_extension=<colcon_core.verb.build.BuildVerb object at 0x7f333d0fab30>, main=<bound method BuildVerb.main of <colcon_core.verb.build.BuildVerb object at 0x7f333d0fab30>>)
[0.233s] Level 1:colcon.colcon_core.package_discovery:discover_packages(colcon_meta) check parameters
[0.233s] Level 1:colcon.colcon_core.package_discovery:discover_packages(recursive) check parameters
[0.233s] Level 1:colcon.colcon_core.package_discovery:discover_packages(ignore) check parameters
[0.233s] Level 1:colcon.colcon_core.package_discovery:discover_packages(path) check parameters
[0.233s] Level 1:colcon.colcon_core.package_discovery:discover_packages(colcon_meta) discover
[0.233s] Level 1:colcon.colcon_core.package_discovery:discover_packages(recursive) discover
[0.233s] INFO:colcon.colcon_core.package_discovery:Crawling recursively for packages in '/home/nopparuj/FRA501_exam1_6434_6438'
[0.233s] Level 1:colcon.colcon_core.package_identification:_identify(.) by extensions ['ignore', 'ignore_ament_install']
[0.233s] Level 1:colcon.colcon_core.package_identification:_identify(.) by extension 'ignore'
[0.233s] Level 1:colcon.colcon_core.package_identification:_identify(.) by extension 'ignore_ament_install'
[0.233s] Level 1:colcon.colcon_core.package_identification:_identify(.) by extensions ['colcon_pkg']
[0.233s] Level 1:colcon.colcon_core.package_identification:_identify(.) by extension 'colcon_pkg'
[0.234s] Level 1:colcon.colcon_core.package_identification:_identify(.) by extensions ['colcon_meta']
[0.234s] Level 1:colcon.colcon_core.package_identification:_identify(.) by extension 'colcon_meta'
[0.234s] Level 1:colcon.colcon_core.package_identification:_identify(.) by extensions ['ros']
[0.234s] Level 1:colcon.colcon_core.package_identification:_identify(.) by extension 'ros'
[0.241s] Level 1:colcon.colcon_core.package_identification:_identify(.) by extensions ['cmake', 'python']
[0.241s] Level 1:colcon.colcon_core.package_identification:_identify(.) by extension 'cmake'
[0.241s] Level 1:colcon.colcon_core.package_identification:_identify(.) by extension 'python'
[0.241s] Level 1:colcon.colcon_core.package_identification:_identify(.) by extensions ['python_setup_py']
[0.241s] Level 1:colcon.colcon_core.package_identification:_identify(.) by extension 'python_setup_py'
[0.241s] Level 1:colcon.colcon_core.package_identification:_identify(build) by extensions ['ignore', 'ignore_ament_install']
[0.241s] Level 1:colcon.colcon_core.package_identification:_identify(build) by extension 'ignore'
[0.241s] Level 1:colcon.colcon_core.package_identification:_identify(build) ignored
[0.241s] Level 1:colcon.colcon_core.package_identification:_identify(install) by extensions ['ignore', 'ignore_ament_install']
[0.241s] Level 1:colcon.colcon_core.package_identification:_identify(install) by extension 'ignore'
[0.241s] Level 1:colcon.colcon_core.package_identification:_identify(install) ignored
[0.242s] Level 1:colcon.colcon_core.package_identification:_identify(log) by extensions ['ignore', 'ignore_ament_install']
[0.242s] Level 1:colcon.colcon_core.package_identification:_identify(log) by extension 'ignore'
[0.242s] Level 1:colcon.colcon_core.package_identification:_identify(log) ignored
[0.242s] Level 1:colcon.colcon_core.package_identification:_identify(src) by extensions ['ignore', 'ignore_ament_install']
[0.242s] Level 1:colcon.colcon_core.package_identification:_identify(src) by extension 'ignore'
[0.242s] Level 1:colcon.colcon_core.package_identification:_identify(src) by extension 'ignore_ament_install'
[0.242s] Level 1:colcon.colcon_core.package_identification:_identify(src) by extensions ['colcon_pkg']
[0.242s] Level 1:colcon.colcon_core.package_identification:_identify(src) by extension 'colcon_pkg'
[0.242s] Level 1:colcon.colcon_core.package_identification:_identify(src) by extensions ['colcon_meta']
[0.242s] Level 1:colcon.colcon_core.package_identification:_identify(src) by extension 'colcon_meta'
[0.242s] Level 1:colcon.colcon_core.package_identification:_identify(src) by extensions ['ros']
[0.242s] Level 1:colcon.colcon_core.package_identification:_identify(src) by extension 'ros'
[0.242s] Level 1:colcon.colcon_core.package_identification:_identify(src) by extensions ['cmake', 'python']
[0.242s] Level 1:colcon.colcon_core.package_identification:_identify(src) by extension 'cmake'
[0.242s] Level 1:colcon.colcon_core.package_identification:_identify(src) by extension 'python'
[0.242s] Level 1:colcon.colcon_core.package_identification:_identify(src) by extensions ['python_setup_py']
[0.242s] Level 1:colcon.colcon_core.package_identification:_identify(src) by extension 'python_setup_py'
[0.242s] Level 1:colcon.colcon_core.package_identification:_identify(src/turtlesim_plus) by extensions ['ignore', 'ignore_ament_install']
[0.242s] Level 1:colcon.colcon_core.package_identification:_identify(src/turtlesim_plus) by extension 'ignore'
[0.242s] Level 1:colcon.colcon_core.package_identification:_identify(src/turtlesim_plus) by extension 'ignore_ament_install'
[0.242s] Level 1:colcon.colcon_core.package_identification:_identify(src/turtlesim_plus) by extensions ['colcon_pkg']
[0.242s] Level 1:colcon.colcon_core.package_identification:_identify(src/turtlesim_plus) by extension 'colcon_pkg'
[0.242s] Level 1:colcon.colcon_core.package_identification:_identify(src/turtlesim_plus) by extensions ['colcon_meta']
[0.242s] Level 1:colcon.colcon_core.package_identification:_identify(src/turtlesim_plus) by extension 'colcon_meta'
[0.242s] Level 1:colcon.colcon_core.package_identification:_identify(src/turtlesim_plus) by extensions ['ros']
[0.242s] Level 1:colcon.colcon_core.package_identification:_identify(src/turtlesim_plus) by extension 'ros'
[0.242s] Level 1:colcon.colcon_core.package_identification:_identify(src/turtlesim_plus) by extensions ['cmake', 'python']
[0.242s] Level 1:colcon.colcon_core.package_identification:_identify(src/turtlesim_plus) by extension 'cmake'
[0.243s] Level 1:colcon.colcon_core.package_identification:_identify(src/turtlesim_plus) by extension 'python'
[0.243s] Level 1:colcon.colcon_core.package_identification:_identify(src/turtlesim_plus) by extensions ['python_setup_py']
[0.243s] Level 1:colcon.colcon_core.package_identification:_identify(src/turtlesim_plus) by extension 'python_setup_py'
[0.243s] Level 1:colcon.colcon_core.package_identification:_identify(src/turtlesim_plus/turtlesim_plus) by extensions ['ignore', 'ignore_ament_install']
[0.243s] Level 1:colcon.colcon_core.package_identification:_identify(src/turtlesim_plus/turtlesim_plus) by extension 'ignore'
[0.243s] Level 1:colcon.colcon_core.package_identification:_identify(src/turtlesim_plus/turtlesim_plus) by extension 'ignore_ament_install'
[0.243s] Level 1:colcon.colcon_core.package_identification:_identify(src/turtlesim_plus/turtlesim_plus) by extensions ['colcon_pkg']
[0.243s] Level 1:colcon.colcon_core.package_identification:_identify(src/turtlesim_plus/turtlesim_plus) by extension 'colcon_pkg'
[0.243s] Level 1:colcon.colcon_core.package_identification:_identify(src/turtlesim_plus/turtlesim_plus) by extensions ['colcon_meta']
[0.243s] Level 1:colcon.colcon_core.package_identification:_identify(src/turtlesim_plus/turtlesim_plus) by extension 'colcon_meta'
[0.243s] Level 1:colcon.colcon_core.package_identification:_identify(src/turtlesim_plus/turtlesim_plus) by extensions ['ros']
[0.243s] Level 1:colcon.colcon_core.package_identification:_identify(src/turtlesim_plus/turtlesim_plus) by extension 'ros'
[0.245s] DEBUG:colcon.colcon_core.package_identification:Package 'src/turtlesim_plus/turtlesim_plus' with type 'ros.ament_cmake' and name 'turtlesim_plus'
[0.245s] Level 1:colcon.colcon_core.package_identification:_identify(src/turtlesim_plus/turtlesim_plus_interfaces) by extensions ['ignore', 'ignore_ament_install']
[0.245s] Level 1:colcon.colcon_core.package_identification:_identify(src/turtlesim_plus/turtlesim_plus_interfaces) by extension 'ignore'
[0.245s] Level 1:colcon.colcon_core.package_identification:_identify(src/turtlesim_plus/turtlesim_plus_interfaces) by extension 'ignore_ament_install'
[0.245s] Level 1:colcon.colcon_core.package_identification:_identify(src/turtlesim_plus/turtlesim_plus_interfaces) by extensions ['colcon_pkg']
[0.245s] Level 1:colcon.colcon_core.package_identification:_identify(src/turtlesim_plus/turtlesim_plus_interfaces) by extension 'colcon_pkg'
[0.245s] Level 1:colcon.colcon_core.package_identification:_identify(src/turtlesim_plus/turtlesim_plus_interfaces) by extensions ['colcon_meta']
[0.245s] Level 1:colcon.colcon_core.package_identification:_identify(src/turtlesim_plus/turtlesim_plus_interfaces) by extension 'colcon_meta'
[0.245s] Level 1:colcon.colcon_core.package_identification:_identify(src/turtlesim_plus/turtlesim_plus_interfaces) by extensions ['ros']
[0.245s] Level 1:colcon.colcon_core.package_identification:_identify(src/turtlesim_plus/turtlesim_plus_interfaces) by extension 'ros'
[0.246s] DEBUG:colcon.colcon_core.package_identification:Package 'src/turtlesim_plus/turtlesim_plus_interfaces' with type 'ros.ament_cmake' and name 'turtlesim_plus_interfaces'
[0.246s] Level 1:colcon.colcon_core.package_discovery:discover_packages(recursive) using defaults
[0.246s] Level 1:colcon.colcon_core.package_discovery:discover_packages(ignore) discover
[0.246s] Level 1:colcon.colcon_core.package_discovery:discover_packages(ignore) using defaults
[0.246s] Level 1:colcon.colcon_core.package_discovery:discover_packages(path) discover
[0.246s] Level 1:colcon.colcon_core.package_discovery:discover_packages(path) using defaults
[0.261s] Level 1:colcon.colcon_core.package_discovery:discover_packages(prefix_path) check parameters
[0.261s] Level 1:colcon.colcon_core.package_discovery:discover_packages(prefix_path) discover
[0.263s] DEBUG:colcon.colcon_installed_package_information.package_discovery:Found 0 installed packages in /home/nopparuj/FRA501_exam1_6434_6438/install
[0.264s] DEBUG:colcon.colcon_installed_package_information.package_discovery:Found 6 installed packages in /home/nopparuj/FRA501_ws/install
[0.265s] DEBUG:colcon.colcon_installed_package_information.package_discovery:Found 270 installed packages in /opt/ros/humble
[0.266s] Level 1:colcon.colcon_core.package_discovery:discover_packages(prefix_path) using defaults
[0.304s] Level 5:colcon.colcon_core.verb:set package 'turtlesim_plus' build argument 'cmake_args' from command line to 'None'
[0.304s] Level 5:colcon.colcon_core.verb:set package 'turtlesim_plus' build argument 'cmake_target' from command line to 'None'
[0.304s] Level 5:colcon.colcon_core.verb:set package 'turtlesim_plus' build argument 'cmake_target_skip_unavailable' from command line to 'False'
[0.304s] Level 5:colcon.colcon_core.verb:set package 'turtlesim_plus' build argument 'cmake_clean_cache' from command line to 'False'
[0.304s] Level 5:colcon.colcon_core.verb:set package 'turtlesim_plus' build argument 'cmake_clean_first' from command line to 'False'
[0.305s] Level 5:colcon.colcon_core.verb:set package 'turtlesim_plus' build argument 'cmake_force_configure' from command line to 'False'
[0.305s] Level 5:colcon.colcon_core.verb:set package 'turtlesim_plus' build argument 'ament_cmake_args' from command line to 'None'
[0.305s] Level 5:colcon.colcon_core.verb:set package 'turtlesim_plus' build argument 'catkin_cmake_args' from command line to 'None'
[0.305s] Level 5:colcon.colcon_core.verb:set package 'turtlesim_plus' build argument 'catkin_skip_building_tests' from command line to 'False'
[0.305s] DEBUG:colcon.colcon_core.verb:Building package 'turtlesim_plus' with the following arguments: {'ament_cmake_args': None, 'build_base': '/home/nopparuj/FRA501_exam1_6434_6438/build/turtlesim_plus', 'catkin_cmake_args': None, 'catkin_skip_building_tests': False, 'cmake_args': None, 'cmake_clean_cache': False, 'cmake_clean_first': False, 'cmake_force_configure': False, 'cmake_target': None, 'cmake_target_skip_unavailable': False, 'install_base': '/home/nopparuj/FRA501_exam1_6434_6438/install/turtlesim_plus', 'merge_install': False, 'path': '/home/nopparuj/FRA501_exam1_6434_6438/src/turtlesim_plus/turtlesim_plus', 'symlink_install': False, 'test_result_base': None}
[0.305s] Level 5:colcon.colcon_core.verb:set package 'turtlesim_plus_interfaces' build argument 'cmake_args' from command line to 'None'
[0.305s] Level 5:colcon.colcon_core.verb:set package 'turtlesim_plus_interfaces' build argument 'cmake_target' from command line to 'None'
[0.305s] Level 5:colcon.colcon_core.verb:set package 'turtlesim_plus_interfaces' build argument 'cmake_target_skip_unavailable' from command line to 'False'
[0.305s] Level 5:colcon.colcon_core.verb:set package 'turtlesim_plus_interfaces' build argument 'cmake_clean_cache' from command line to 'False'
[0.305s] Level 5:colcon.colcon_core.verb:set package 'turtlesim_plus_interfaces' build argument 'cmake_clean_first' from command line to 'False'
[0.305s] Level 5:colcon.colcon_core.verb:set package 'turtlesim_plus_interfaces' build argument 'cmake_force_configure' from command line to 'False'
[0.305s] Level 5:colcon.colcon_core.verb:set package 'turtlesim_plus_interfaces' build argument 'ament_cmake_args' from command line to 'None'
[0.305s] Level 5:colcon.colcon_core.verb:set package 'turtlesim_plus_interfaces' build argument 'catkin_cmake_args' from command line to 'None'
[0.305s] Level 5:colcon.colcon_core.verb:set package 'turtlesim_plus_interfaces' build argument 'catkin_skip_building_tests' from command line to 'False'
[0.306s] DEBUG:colcon.colcon_core.verb:Building package 'turtlesim_plus_interfaces' with the following arguments: {'ament_cmake_args': None, 'build_base': '/home/nopparuj/FRA501_exam1_6434_6438/build/turtlesim_plus_interfaces', 'catkin_cmake_args': None, 'catkin_skip_building_tests': False, 'cmake_args': None, 'cmake_clean_cache': False, 'cmake_clean_first': False, 'cmake_force_configure': False, 'cmake_target': None, 'cmake_target_skip_unavailable': False, 'install_base': '/home/nopparuj/FRA501_exam1_6434_6438/install/turtlesim_plus_interfaces', 'merge_install': False, 'path': '/home/nopparuj/FRA501_exam1_6434_6438/src/turtlesim_plus/turtlesim_plus_interfaces', 'symlink_install': False, 'test_result_base': None}
[0.306s] INFO:colcon.colcon_core.executor:Executing jobs using 'parallel' executor
[0.308s] DEBUG:colcon.colcon_parallel_executor.executor.parallel:run_until_complete
[0.308s] INFO:colcon.colcon_ros.task.ament_cmake.build:Building ROS package in '/home/nopparuj/FRA501_exam1_6434_6438/src/turtlesim_plus/turtlesim_plus' with build type 'ament_cmake'
[0.308s] INFO:colcon.colcon_cmake.task.cmake.build:Building CMake package in '/home/nopparuj/FRA501_exam1_6434_6438/src/turtlesim_plus/turtlesim_plus'
[0.311s] INFO:colcon.colcon_core.plugin_system:Skipping extension 'colcon_core.shell.bat': Not used on non-Windows systems
[0.311s] INFO:colcon.colcon_core.shell:Skip shell extension 'powershell' for command environment: Not usable outside of PowerShell
[0.311s] DEBUG:colcon.colcon_core.shell:Skip shell extension 'dsv' for command environment
[0.315s] INFO:colcon.colcon_ros.task.ament_cmake.build:Building ROS package in '/home/nopparuj/FRA501_exam1_6434_6438/src/turtlesim_plus/turtlesim_plus_interfaces' with build type 'ament_cmake'
[0.315s] INFO:colcon.colcon_cmake.task.cmake.build:Building CMake package in '/home/nopparuj/FRA501_exam1_6434_6438/src/turtlesim_plus/turtlesim_plus_interfaces'
[0.316s] INFO:colcon.colcon_core.shell:Skip shell extension 'powershell' for command environment: Not usable outside of PowerShell
[0.316s] DEBUG:colcon.colcon_core.shell:Skip shell extension 'dsv' for command environment
[0.322s] DEBUG:colcon.colcon_core.event_handler.log_command:Invoking command in '/home/nopparuj/FRA501_exam1_6434_6438/build/turtlesim_plus': CMAKE_PREFIX_PATH=${CMAKE_PREFIX_PATH}:/opt/ros/humble /usr/bin/cmake /home/nopparuj/FRA501_exam1_6434_6438/src/turtlesim_plus/turtlesim_plus -DCMAKE_INSTALL_PREFIX=/home/nopparuj/FRA501_exam1_6434_6438/install/turtlesim_plus
[0.325s] DEBUG:colcon.colcon_core.event_handler.log_command:Invoking command in '/home/nopparuj/FRA501_exam1_6434_6438/build/turtlesim_plus_interfaces': CMAKE_PREFIX_PATH=${CMAKE_PREFIX_PATH}:/opt/ros/humble /usr/bin/cmake /home/nopparuj/FRA501_exam1_6434_6438/src/turtlesim_plus/turtlesim_plus_interfaces -DCMAKE_INSTALL_PREFIX=/home/nopparuj/FRA501_exam1_6434_6438/install/turtlesim_plus_interfaces
[1.505s] DEBUG:colcon.colcon_core.event_handler.log_command:Invoked command in '/home/nopparuj/FRA501_exam1_6434_6438/build/turtlesim_plus' returned '0': CMAKE_PREFIX_PATH=${CMAKE_PREFIX_PATH}:/opt/ros/humble /usr/bin/cmake /home/nopparuj/FRA501_exam1_6434_6438/src/turtlesim_plus/turtlesim_plus -DCMAKE_INSTALL_PREFIX=/home/nopparuj/FRA501_exam1_6434_6438/install/turtlesim_plus
[1.507s] DEBUG:colcon.colcon_core.event_handler.log_command:Invoking command in '/home/nopparuj/FRA501_exam1_6434_6438/build/turtlesim_plus': CMAKE_PREFIX_PATH=${CMAKE_PREFIX_PATH}:/opt/ros/humble /usr/bin/cmake --build /home/nopparuj/FRA501_exam1_6434_6438/build/turtlesim_plus -- -j16 -l16
[1.631s] DEBUG:colcon.colcon_core.event_handler.log_command:Invoked command in '/home/nopparuj/FRA501_exam1_6434_6438/build/turtlesim_plus_interfaces' returned '0': CMAKE_PREFIX_PATH=${CMAKE_PREFIX_PATH}:/opt/ros/humble /usr/bin/cmake /home/nopparuj/FRA501_exam1_6434_6438/src/turtlesim_plus/turtlesim_plus_interfaces -DCMAKE_INSTALL_PREFIX=/home/nopparuj/FRA501_exam1_6434_6438/install/turtlesim_plus_interfaces
[1.632s] DEBUG:colcon.colcon_core.event_handler.log_command:Invoking command in '/home/nopparuj/FRA501_exam1_6434_6438/build/turtlesim_plus_interfaces': CMAKE_PREFIX_PATH=${CMAKE_PREFIX_PATH}:/opt/ros/humble /usr/bin/cmake --build /home/nopparuj/FRA501_exam1_6434_6438/build/turtlesim_plus_interfaces -- -j16 -l16
[1.743s] DEBUG:colcon.colcon_core.event_handler.log_command:Invoked command in '/home/nopparuj/FRA501_exam1_6434_6438/build/turtlesim_plus' returned '0': CMAKE_PREFIX_PATH=${CMAKE_PREFIX_PATH}:/opt/ros/humble /usr/bin/cmake --build /home/nopparuj/FRA501_exam1_6434_6438/build/turtlesim_plus -- -j16 -l16
[1.765s] DEBUG:colcon.colcon_core.event_handler.log_command:Invoking command in '/home/nopparuj/FRA501_exam1_6434_6438/build/turtlesim_plus': CMAKE_PREFIX_PATH=${CMAKE_PREFIX_PATH}:/opt/ros/humble /usr/bin/cmake --install /home/nopparuj/FRA501_exam1_6434_6438/build/turtlesim_plus
[1.805s] Level 1:colcon.colcon_core.environment:create_environment_scripts_only(turtlesim_plus)
[1.806s] DEBUG:colcon.colcon_core.event_handler.log_command:Invoked command in '/home/nopparuj/FRA501_exam1_6434_6438/build/turtlesim_plus' returned '0': CMAKE_PREFIX_PATH=${CMAKE_PREFIX_PATH}:/opt/ros/humble /usr/bin/cmake --install /home/nopparuj/FRA501_exam1_6434_6438/build/turtlesim_plus
[1.809s] Level 1:colcon.colcon_core.environment:checking '/home/nopparuj/FRA501_exam1_6434_6438/install/turtlesim_plus' for CMake module files
[1.809s] Level 1:colcon.colcon_core.environment:checking '/home/nopparuj/FRA501_exam1_6434_6438/install/turtlesim_plus' for CMake config files
[1.810s] Level 1:colcon.colcon_core.shell:create_environment_hook('turtlesim_plus', 'cmake_prefix_path')
[1.811s] INFO:colcon.colcon_core.shell:Creating environment hook '/home/nopparuj/FRA501_exam1_6434_6438/install/turtlesim_plus/share/turtlesim_plus/hook/cmake_prefix_path.ps1'
[1.811s] INFO:colcon.colcon_core.shell:Creating environment descriptor '/home/nopparuj/FRA501_exam1_6434_6438/install/turtlesim_plus/share/turtlesim_plus/hook/cmake_prefix_path.dsv'
[1.811s] INFO:colcon.colcon_core.shell:Creating environment hook '/home/nopparuj/FRA501_exam1_6434_6438/install/turtlesim_plus/share/turtlesim_plus/hook/cmake_prefix_path.sh'
[1.812s] Level 1:colcon.colcon_core.environment:checking '/home/nopparuj/FRA501_exam1_6434_6438/install/turtlesim_plus/lib'
[1.812s] Level 1:colcon.colcon_core.environment:checking '/home/nopparuj/FRA501_exam1_6434_6438/install/turtlesim_plus/bin'
[1.812s] Level 1:colcon.colcon_core.environment:checking '/home/nopparuj/FRA501_exam1_6434_6438/install/turtlesim_plus/lib/pkgconfig/turtlesim_plus.pc'
[1.812s] Level 1:colcon.colcon_core.environment:checking '/home/nopparuj/FRA501_exam1_6434_6438/install/turtlesim_plus/lib/python3.10/site-packages'
[1.812s] Level 1:colcon.colcon_core.environment:checking '/home/nopparuj/FRA501_exam1_6434_6438/install/turtlesim_plus/bin'
[1.814s] INFO:colcon.colcon_core.shell:Creating package script '/home/nopparuj/FRA501_exam1_6434_6438/install/turtlesim_plus/share/turtlesim_plus/package.ps1'
[1.814s] INFO:colcon.colcon_core.shell:Creating package descriptor '/home/nopparuj/FRA501_exam1_6434_6438/install/turtlesim_plus/share/turtlesim_plus/package.dsv'
[1.815s] INFO:colcon.colcon_core.shell:Creating package script '/home/nopparuj/FRA501_exam1_6434_6438/install/turtlesim_plus/share/turtlesim_plus/package.sh'
[1.815s] INFO:colcon.colcon_core.shell:Creating package script '/home/nopparuj/FRA501_exam1_6434_6438/install/turtlesim_plus/share/turtlesim_plus/package.bash'
[1.816s] INFO:colcon.colcon_core.shell:Creating package script '/home/nopparuj/FRA501_exam1_6434_6438/install/turtlesim_plus/share/turtlesim_plus/package.zsh'
[1.817s] Level 1:colcon.colcon_core.environment:create_file_with_runtime_dependencies(/home/nopparuj/FRA501_exam1_6434_6438/install/turtlesim_plus/share/colcon-core/packages/turtlesim_plus)
[1.834s] Level 1:colcon.colcon_core.environment:create_environment_scripts_only(turtlesim_plus)
[1.836s] Level 1:colcon.colcon_core.environment:checking '/home/nopparuj/FRA501_exam1_6434_6438/install/turtlesim_plus' for CMake module files
[1.836s] Level 1:colcon.colcon_core.environment:checking '/home/nopparuj/FRA501_exam1_6434_6438/install/turtlesim_plus' for CMake config files
[1.836s] Level 1:colcon.colcon_core.shell:create_environment_hook('turtlesim_plus', 'cmake_prefix_path')
[1.837s] INFO:colcon.colcon_core.shell:Creating environment hook '/home/nopparuj/FRA501_exam1_6434_6438/install/turtlesim_plus/share/turtlesim_plus/hook/cmake_prefix_path.ps1'
[1.838s] INFO:colcon.colcon_core.shell:Creating environment descriptor '/home/nopparuj/FRA501_exam1_6434_6438/install/turtlesim_plus/share/turtlesim_plus/hook/cmake_prefix_path.dsv'
[1.838s] INFO:colcon.colcon_core.shell:Creating environment hook '/home/nopparuj/FRA501_exam1_6434_6438/install/turtlesim_plus/share/turtlesim_plus/hook/cmake_prefix_path.sh'
[1.838s] Level 1:colcon.colcon_core.environment:checking '/home/nopparuj/FRA501_exam1_6434_6438/install/turtlesim_plus/lib'
[1.838s] Level 1:colcon.colcon_core.environment:checking '/home/nopparuj/FRA501_exam1_6434_6438/install/turtlesim_plus/bin'
[1.838s] Level 1:colcon.colcon_core.environment:checking '/home/nopparuj/FRA501_exam1_6434_6438/install/turtlesim_plus/lib/pkgconfig/turtlesim_plus.pc'
[1.839s] Level 1:colcon.colcon_core.environment:checking '/home/nopparuj/FRA501_exam1_6434_6438/install/turtlesim_plus/lib/python3.10/site-packages'
[1.839s] Level 1:colcon.colcon_core.environment:checking '/home/nopparuj/FRA501_exam1_6434_6438/install/turtlesim_plus/bin'
[1.840s] INFO:colcon.colcon_core.shell:Creating package script '/home/nopparuj/FRA501_exam1_6434_6438/install/turtlesim_plus/share/turtlesim_plus/package.ps1'
[1.840s] INFO:colcon.colcon_core.shell:Creating package descriptor '/home/nopparuj/FRA501_exam1_6434_6438/install/turtlesim_plus/share/turtlesim_plus/package.dsv'
[1.840s] INFO:colcon.colcon_core.shell:Creating package script '/home/nopparuj/FRA501_exam1_6434_6438/install/turtlesim_plus/share/turtlesim_plus/package.sh'
[1.841s] INFO:colcon.colcon_core.shell:Creating package script '/home/nopparuj/FRA501_exam1_6434_6438/install/turtlesim_plus/share/turtlesim_plus/package.bash'
[1.841s] INFO:colcon.colcon_core.shell:Creating package script '/home/nopparuj/FRA501_exam1_6434_6438/install/turtlesim_plus/share/turtlesim_plus/package.zsh'
[1.841s] Level 1:colcon.colcon_core.environment:create_file_with_runtime_dependencies(/home/nopparuj/FRA501_exam1_6434_6438/install/turtlesim_plus/share/colcon-core/packages/turtlesim_plus)
[4.181s] DEBUG:colcon.colcon_core.event_handler.log_command:Invoked command in '/home/nopparuj/FRA501_exam1_6434_6438/build/turtlesim_plus_interfaces' returned '0': CMAKE_PREFIX_PATH=${CMAKE_PREFIX_PATH}:/opt/ros/humble /usr/bin/cmake --build /home/nopparuj/FRA501_exam1_6434_6438/build/turtlesim_plus_interfaces -- -j16 -l16
[4.248s] DEBUG:colcon.colcon_core.event_handler.log_command:Invoking command in '/home/nopparuj/FRA501_exam1_6434_6438/build/turtlesim_plus_interfaces': CMAKE_PREFIX_PATH=${CMAKE_PREFIX_PATH}:/opt/ros/humble /usr/bin/cmake --install /home/nopparuj/FRA501_exam1_6434_6438/build/turtlesim_plus_interfaces
[4.300s] Level 1:colcon.colcon_core.environment:create_environment_scripts_only(turtlesim_plus_interfaces)
[4.300s] DEBUG:colcon.colcon_core.event_handler.log_command:Invoked command in '/home/nopparuj/FRA501_exam1_6434_6438/build/turtlesim_plus_interfaces' returned '0': CMAKE_PREFIX_PATH=${CMAKE_PREFIX_PATH}:/opt/ros/humble /usr/bin/cmake --install /home/nopparuj/FRA501_exam1_6434_6438/build/turtlesim_plus_interfaces
[4.302s] Level 1:colcon.colcon_core.environment:checking '/home/nopparuj/FRA501_exam1_6434_6438/install/turtlesim_plus_interfaces' for CMake module files
[4.302s] Level 1:colcon.colcon_core.environment:checking '/home/nopparuj/FRA501_exam1_6434_6438/install/turtlesim_plus_interfaces' for CMake config files
[4.303s] Level 1:colcon.colcon_core.shell:create_environment_hook('turtlesim_plus_interfaces', 'cmake_prefix_path')
[4.303s] INFO:colcon.colcon_core.shell:Creating environment hook '/home/nopparuj/FRA501_exam1_6434_6438/install/turtlesim_plus_interfaces/share/turtlesim_plus_interfaces/hook/cmake_prefix_path.ps1'
[4.304s] INFO:colcon.colcon_core.shell:Creating environment descriptor '/home/nopparuj/FRA501_exam1_6434_6438/install/turtlesim_plus_interfaces/share/turtlesim_plus_interfaces/hook/cmake_prefix_path.dsv'
[4.304s] INFO:colcon.colcon_core.shell:Creating environment hook '/home/nopparuj/FRA501_exam1_6434_6438/install/turtlesim_plus_interfaces/share/turtlesim_plus_interfaces/hook/cmake_prefix_path.sh'
[4.304s] Level 1:colcon.colcon_core.environment:checking '/home/nopparuj/FRA501_exam1_6434_6438/install/turtlesim_plus_interfaces/lib'
[4.304s] Level 1:colcon.colcon_core.shell:create_environment_hook('turtlesim_plus_interfaces', 'ld_library_path_lib')
[4.305s] INFO:colcon.colcon_core.shell:Creating environment hook '/home/nopparuj/FRA501_exam1_6434_6438/install/turtlesim_plus_interfaces/share/turtlesim_plus_interfaces/hook/ld_library_path_lib.ps1'
[4.305s] INFO:colcon.colcon_core.shell:Creating environment descriptor '/home/nopparuj/FRA501_exam1_6434_6438/install/turtlesim_plus_interfaces/share/turtlesim_plus_interfaces/hook/ld_library_path_lib.dsv'
[4.305s] INFO:colcon.colcon_core.shell:Creating environment hook '/home/nopparuj/FRA501_exam1_6434_6438/install/turtlesim_plus_interfaces/share/turtlesim_plus_interfaces/hook/ld_library_path_lib.sh'
[4.306s] Level 1:colcon.colcon_core.environment:checking '/home/nopparuj/FRA501_exam1_6434_6438/install/turtlesim_plus_interfaces/bin'
[4.306s] Level 1:colcon.colcon_core.environment:checking '/home/nopparuj/FRA501_exam1_6434_6438/install/turtlesim_plus_interfaces/lib/pkgconfig/turtlesim_plus_interfaces.pc'
[4.306s] Level 1:colcon.colcon_core.environment:checking '/home/nopparuj/FRA501_exam1_6434_6438/install/turtlesim_plus_interfaces/lib/python3.10/site-packages'
[4.306s] Level 1:colcon.colcon_core.environment:checking '/home/nopparuj/FRA501_exam1_6434_6438/install/turtlesim_plus_interfaces/bin'
[4.307s] INFO:colcon.colcon_core.shell:Creating package script '/home/nopparuj/FRA501_exam1_6434_6438/install/turtlesim_plus_interfaces/share/turtlesim_plus_interfaces/package.ps1'
[4.307s] INFO:colcon.colcon_core.shell:Creating package descriptor '/home/nopparuj/FRA501_exam1_6434_6438/install/turtlesim_plus_interfaces/share/turtlesim_plus_interfaces/package.dsv'
[4.307s] INFO:colcon.colcon_core.shell:Creating package script '/home/nopparuj/FRA501_exam1_6434_6438/install/turtlesim_plus_interfaces/share/turtlesim_plus_interfaces/package.sh'
[4.308s] INFO:colcon.colcon_core.shell:Creating package script '/home/nopparuj/FRA501_exam1_6434_6438/install/turtlesim_plus_interfaces/share/turtlesim_plus_interfaces/package.bash'
[4.308s] INFO:colcon.colcon_core.shell:Creating package script '/home/nopparuj/FRA501_exam1_6434_6438/install/turtlesim_plus_interfaces/share/turtlesim_plus_interfaces/package.zsh'
[4.308s] Level 1:colcon.colcon_core.environment:create_file_with_runtime_dependencies(/home/nopparuj/FRA501_exam1_6434_6438/install/turtlesim_plus_interfaces/share/colcon-core/packages/turtlesim_plus_interfaces)
[4.376s] Level 1:colcon.colcon_core.environment:create_environment_scripts_only(turtlesim_plus_interfaces)
[4.377s] Level 1:colcon.colcon_core.environment:checking '/home/nopparuj/FRA501_exam1_6434_6438/install/turtlesim_plus_interfaces' for CMake module files
[4.378s] Level 1:colcon.colcon_core.environment:checking '/home/nopparuj/FRA501_exam1_6434_6438/install/turtlesim_plus_interfaces' for CMake config files
[4.378s] Level 1:colcon.colcon_core.shell:create_environment_hook('turtlesim_plus_interfaces', 'cmake_prefix_path')
[4.379s] INFO:colcon.colcon_core.shell:Creating environment hook '/home/nopparuj/FRA501_exam1_6434_6438/install/turtlesim_plus_interfaces/share/turtlesim_plus_interfaces/hook/cmake_prefix_path.ps1'
[4.379s] INFO:colcon.colcon_core.shell:Creating environment descriptor '/home/nopparuj/FRA501_exam1_6434_6438/install/turtlesim_plus_interfaces/share/turtlesim_plus_interfaces/hook/cmake_prefix_path.dsv'
[4.380s] INFO:colcon.colcon_core.shell:Creating environment hook '/home/nopparuj/FRA501_exam1_6434_6438/install/turtlesim_plus_interfaces/share/turtlesim_plus_interfaces/hook/cmake_prefix_path.sh'
[4.380s] Level 1:colcon.colcon_core.environment:checking '/home/nopparuj/FRA501_exam1_6434_6438/install/turtlesim_plus_interfaces/lib'
[4.380s] Level 1:colcon.colcon_core.shell:create_environment_hook('turtlesim_plus_interfaces', 'ld_library_path_lib')
[4.381s] INFO:colcon.colcon_core.shell:Creating environment hook '/home/nopparuj/FRA501_exam1_6434_6438/install/turtlesim_plus_interfaces/share/turtlesim_plus_interfaces/hook/ld_library_path_lib.ps1'
[4.381s] INFO:colcon.colcon_core.shell:Creating environment descriptor '/home/nopparuj/FRA501_exam1_6434_6438/install/turtlesim_plus_interfaces/share/turtlesim_plus_interfaces/hook/ld_library_path_lib.dsv'
[4.381s] INFO:colcon.colcon_core.shell:Creating environment hook '/home/nopparuj/FRA501_exam1_6434_6438/install/turtlesim_plus_interfaces/share/turtlesim_plus_interfaces/hook/ld_library_path_lib.sh'
[4.381s] Level 1:colcon.colcon_core.environment:checking '/home/nopparuj/FRA501_exam1_6434_6438/install/turtlesim_plus_interfaces/bin'
[4.382s] Level 1:colcon.colcon_core.environment:checking '/home/nopparuj/FRA501_exam1_6434_6438/install/turtlesim_plus_interfaces/lib/pkgconfig/turtlesim_plus_interfaces.pc'
[4.382s] Level 1:colcon.colcon_core.environment:checking '/home/nopparuj/FRA501_exam1_6434_6438/install/turtlesim_plus_interfaces/lib/python3.10/site-packages'
[4.382s] Level 1:colcon.colcon_core.environment:checking '/home/nopparuj/FRA501_exam1_6434_6438/install/turtlesim_plus_interfaces/bin'
[4.383s] INFO:colcon.colcon_core.shell:Creating package script '/home/nopparuj/FRA501_exam1_6434_6438/install/turtlesim_plus_interfaces/share/turtlesim_plus_interfaces/package.ps1'
[4.383s] INFO:colcon.colcon_core.shell:Creating package descriptor '/home/nopparuj/FRA501_exam1_6434_6438/install/turtlesim_plus_interfaces/share/turtlesim_plus_interfaces/package.dsv'
[4.384s] INFO:colcon.colcon_core.shell:Creating package script '/home/nopparuj/FRA501_exam1_6434_6438/install/turtlesim_plus_interfaces/share/turtlesim_plus_interfaces/package.sh'
[4.384s] INFO:colcon.colcon_core.shell:Creating package script '/home/nopparuj/FRA501_exam1_6434_6438/install/turtlesim_plus_interfaces/share/turtlesim_plus_interfaces/package.bash'
[4.384s] INFO:colcon.colcon_core.shell:Creating package script '/home/nopparuj/FRA501_exam1_6434_6438/install/turtlesim_plus_interfaces/share/turtlesim_plus_interfaces/package.zsh'
[4.384s] Level 1:colcon.colcon_core.environment:create_file_with_runtime_dependencies(/home/nopparuj/FRA501_exam1_6434_6438/install/turtlesim_plus_interfaces/share/colcon-core/packages/turtlesim_plus_interfaces)
[4.385s] DEBUG:colcon.colcon_parallel_executor.executor.parallel:closing loop
[4.385s] DEBUG:colcon.colcon_parallel_executor.executor.parallel:loop closed
[4.385s] DEBUG:colcon.colcon_parallel_executor.executor.parallel:run_until_complete finished with '0'
[4.385s] DEBUG:colcon.colcon_core.event_reactor:joining thread
[4.389s] INFO:colcon.colcon_core.plugin_system:Skipping extension 'colcon_notification.desktop_notification.terminal_notifier': Not used on non-Darwin systems
[4.389s] INFO:colcon.colcon_core.plugin_system:Skipping extension 'colcon_notification.desktop_notification.win32': Not used on non-Windows systems
[4.389s] INFO:colcon.colcon_notification.desktop_notification:Sending desktop notification using 'notify2'
[4.397s] DEBUG:colcon.colcon_core.event_reactor:joined thread
[4.398s] INFO:colcon.colcon_core.shell:Creating prefix script '/home/nopparuj/FRA501_exam1_6434_6438/install/local_setup.ps1'
[4.399s] INFO:colcon.colcon_core.shell:Creating prefix util module '/home/nopparuj/FRA501_exam1_6434_6438/install/_local_setup_util_ps1.py'
[4.400s] INFO:colcon.colcon_core.shell:Creating prefix chain script '/home/nopparuj/FRA501_exam1_6434_6438/install/setup.ps1'
[4.401s] INFO:colcon.colcon_core.shell:Creating prefix script '/home/nopparuj/FRA501_exam1_6434_6438/install/local_setup.sh'
[4.402s] INFO:colcon.colcon_core.shell:Creating prefix util module '/home/nopparuj/FRA501_exam1_6434_6438/install/_local_setup_util_sh.py'
[4.402s] INFO:colcon.colcon_core.shell:Creating prefix chain script '/home/nopparuj/FRA501_exam1_6434_6438/install/setup.sh'
[4.403s] INFO:colcon.colcon_core.shell:Creating prefix script '/home/nopparuj/FRA501_exam1_6434_6438/install/local_setup.bash'
[4.403s] INFO:colcon.colcon_core.shell:Creating prefix chain script '/home/nopparuj/FRA501_exam1_6434_6438/install/setup.bash'
[4.404s] INFO:colcon.colcon_core.shell:Creating prefix script '/home/nopparuj/FRA501_exam1_6434_6438/install/local_setup.zsh'
[4.404s] INFO:colcon.colcon_core.shell:Creating prefix chain script '/home/nopparuj/FRA501_exam1_6434_6438/install/setup.zsh'
